<?xml version="1.0" encoding="UTF-8"?>
<testng-results ignored="0" total="2" passed="2" failed="0" skipped="0">
  <reporter-output>
  </reporter-output>
  <suite started-at="2023-03-22T22:58:38 IST" name="com.ravinacompany.AppTest" finished-at="2023-03-22T22:58:38 IST" duration-ms="39">
    <groups>
    </groups>
    <test started-at="2023-03-22T22:58:38 IST" name="Command line test" finished-at="2023-03-22T22:58:38 IST" duration-ms="39">
      <class name="com.ravinacompany.AppTest">
        <test-method signature="testlogin1()[pri:0, instance:com.ravinacompany.AppTest@25bbf683]" started-at="2023-03-22T22:58:38 IST" name="testlogin1" finished-at="2023-03-22T22:58:38 IST" duration-ms="9" status="PASS">
          <reporter-output>
          </reporter-output>
        </test-method> <!-- testlogin1 -->
        <test-method signature="testlogin2()[pri:0, instance:com.ravinacompany.AppTest@25bbf683]" started-at="2023-03-22T22:58:38 IST" name="testlogin2" finished-at="2023-03-22T22:58:38 IST" duration-ms="0" status="PASS">
          <reporter-output>
          </reporter-output>
        </test-method> <!-- testlogin2 -->
      </class> <!-- com.ravinacompany.AppTest -->
    </test> <!-- Command line test -->
  </suite> <!-- com.ravinacompany.AppTest -->
</testng-results>
